cpu-bind=MASK - bp1-compute189, task  0  0 [2183125]: mask 0x200000002 set
cpu-bind=MASK - bp1-compute189, task  0  0 [2183152]: mask 0x2 set
cpu-bind=MASK - bp1-compute189, task  1  1 [2183153]: mask 0x200000000 set
Running with 2 MPI processes
Process 0 completed step 1
Process 1 completed step 1
Process 1 combined grid for step 1
Process 0 combined grid for step 1
=========================================
Step 1:
=========================================
X B T T T T 
. . . . . . 
. . T T T T 
X B T . . T 
. . T T . T 
X B . T . T 
Process 0 completed step 2
Process 0 combined grid for step 2
=========================================
Step 2:
=========================================
X X B T T T 
. . . . . . 
. . T T T T 
X X B . . T 
. . T T . T 
X X . T . T 
Process 0 completed step 3
Process 0 combined grid for step 3
=========================================
Step 3:
=========================================
X X X B T T 
. . . . . . 
. . B T T T 
X X X . . T 
. . B T . T 
X X . T . T 
Process 0 completed step 4
Process 0 combined grid for step 4
=========================================
Step 4:
=========================================
X X X X B T 
. . . . . . 
. . X B T T 
X X X . . T 
. . X B . T 
X X . T . T 
Process 0 completed step 5
Process 0 combined grid for step 5
=========================================
Step 5:
=========================================
X X X X X B 
. . . . . . 
. . X X B T 
X X X . . T 
. . X X . T 
X X . B . T 
Burning steps: 6
Bottom reached: No
Execution time: 0.000819312 seconds
Setup time: 0.000303651 seconds
Broadcast time: 0.000102401 seconds
Model time: 0.000315163 seconds
Process 1 completed step 2
Process 1 combined grid for step 2
Process 1 completed step 3
Process 1 combined grid for step 3
Process 1 completed step 4
Process 1 combined grid for step 4
Process 1 completed step 5
Process 1 combined grid for step 5
