cpu-bind=MASK - bp1-compute189, task  0  0 [2192305]: mask 0x100000001 set
cpu-bind=MASK - bp1-compute189, task  0  0 [2192331]: mask 0x1 set
cpu-bind=MASK - bp1-compute189, task  1  1 [2192332]: mask 0x100000000 set
Running with 2 MPI processes
=========================================
Step 1:
=========================================
X B T T T T 
. . . . . . 
. . T T T T 
X B T . . T 
. . T T . T 
X B . T . T 
=========================================
Step 2:
=========================================
X X B T T T 
. . . . . . 
. . T T T T 
X X B . . T 
. . T T . T 
X X . T . T 
=========================================
Step 3:
=========================================
X X X B T T 
. . . . . . 
. . B T T T 
X X X . . T 
. . B T . T 
X X . T . T 
=========================================
Step 4:
=========================================
X X X X B T 
. . . . . . 
. . X B T T 
X X X . . T 
. . X B . T 
X X . T . T 
=========================================
Step 5:
=========================================
X X X X X B 
. . . . . . 
. . X X B T 
X X X . . T 
. . X X . T 
X X . B . T 
=========================================
Step 6:
=========================================
X X X X X X 
. . . . . . 
. . X X X B 
X X X . . T 
. . X X . T 
X X . X . T 
=========================================
Step 7:
=========================================
X X X X X X 
. . . . . . 
. . X X X X 
X X X . . B 
. . X X . T 
X X . X . T 
=========================================
Step 8:
=========================================
X X X X X X 
. . . . . . 
. . X X X X 
X X X . . X 
. . X X . B 
X X . X . T 
=========================================
Step 9:
=========================================
X X X X X X 
. . . . . . 
. . X X X X 
X X X . . X 
. . X X . X 
X X . X . B 
=========================================
Step 10:
=========================================
X X X X X X 
. . . . . . 
. . X X X X 
X X X . . X 
. . X X . X 
X X . X . X 
=========================================
Step 11:
=========================================
X X X X X X 
. . . . . . 
. . X X X X 
X X X . . X 
. . X X . X 
X X . X . X 
Burning steps: 11
Bottom reached: No
Execution time: 0.00230567 seconds
Setup time: 0.00195191 seconds
Broadcast time: 5.6183e-05 seconds
Model time: 0.000249081 seconds
