cpu-bind=MASK - bp1-compute189, task  0  0 [1996265]: mask 0x200000002 set
cpu-bind=MASK - bp1-compute189, task  0  0 [1996291]: mask 0x200000002 set
=========================================
Step 1:
=========================================
X . X . X X 
. T B . . . 
. . T T T . 
T T . . . T 
. . T T . T 
T T . T . T 
=========================================
Step 2:
=========================================
X . X . X X 
. B X . . . 
. . B T T . 
T T . . . T 
. . T T . T 
T T . T . T 
=========================================
Step 3:
=========================================
X . X . X X 
. X X . . . 
. . X B T . 
T T . . . T 
. . T T . T 
T T . T . T 
=========================================
Step 4:
=========================================
X . X . X X 
. X X . . . 
. . X X B . 
T T . . . T 
. . T T . T 
T T . T . T 
=========================================
Step 5:
=========================================
X . X . X X 
. X X . . . 
. . X X X . 
T T . . . T 
. . T T . T 
T T . T . T 
Burning steps: 5
Bottom reached: No
Execution time: 0.00014692 seconds
