cpu-bind=MASK - bp1-compute189, task  0  0 [2351909]: mask 0x3fc000003fc000 set
cpu-bind=MASK - bp1-compute189, task  0  0 [2351935]: mask 0x4000 set
cpu-bind=MASK - bp1-compute189, task  1  1 [2351936]: mask 0x10000 set
cpu-bind=MASK - bp1-compute189, task  2  2 [2351937]: mask 0x400000000000 set
cpu-bind=MASK - bp1-compute189, task  3  3 [2351938]: mask 0x1000000000000 set
cpu-bind=MASK - bp1-compute189, task  4  4 [2351939]: mask 0x8000 set
cpu-bind=MASK - bp1-compute189, task  5  5 [2351940]: mask 0x20000 set
cpu-bind=MASK - bp1-compute189, task  6  6 [2351941]: mask 0x800000000000 set
cpu-bind=MASK - bp1-compute189, task  7  7 [2351942]: mask 0x2000000000000 set
cpu-bind=MASK - bp1-compute189, task  8  8 [2351943]: mask 0x40000 set
cpu-bind=MASK - bp1-compute189, task  9  9 [2351944]: mask 0x4000000000000 set
cpu-bind=MASK - bp1-compute189, task 10 10 [2351945]: mask 0x80000 set
cpu-bind=MASK - bp1-compute189, task 11 11 [2351946]: mask 0x8000000000000 set
cpu-bind=MASK - bp1-compute189, task 12 12 [2351947]: mask 0x100000 set
cpu-bind=MASK - bp1-compute189, task 13 13 [2351948]: mask 0x10000000000000 set
cpu-bind=MASK - bp1-compute189, task 14 14 [2351949]: mask 0x200000 set
cpu-bind=MASK - bp1-compute189, task 15 15 [2351950]: mask 0x20000000000000 set
Running with 16 MPI processes
Burning steps: 2388
Bottom reached: Yes
Execution time: 5.20948 seconds
Timings written to timings_N1000_seed42_prob60_16proc.txt
Grid data written to data_N1000_seed42_prob60_16proc.txt
