cpu-bind=MASK - bp1-compute189, task  0  0 [2347084]: mask 0x1000000010 set
cpu-bind=MASK - bp1-compute189, task  0  0 [2347110]: mask 0x10 set
cpu-bind=MASK - bp1-compute189, task  1  1 [2347111]: mask 0x1000000000 set
Running with 2 MPI processes
[bp1-compute189:2347111] *** Process received signal ***
[bp1-compute189:2347111] Signal: Segmentation fault (11)
[bp1-compute189:2347111] Signal code: Address not mapped (1)
[bp1-compute189:2347111] Failing at address: 0x5942600
[bp1-compute189:2347111] [ 0] /lib64/libpthread.so.0(+0x12cf0)[0x7f016252acf0]
[bp1-compute189:2347111] [ 1] /lib64/libc.so.6(+0xceff6)[0x7f0162221ff6]
[bp1-compute189:2347111] [ 2] /software/spack/linux-rocky8-broadwell/gcc-12.3.0/openmpi-5.0.3-et6p/lib/libopen-pal.so.80(opal_convertor_unpack+0x88)[0x7f0163124b18]
[bp1-compute189:2347111] [ 3] /software/spack/linux-rocky8-broadwell/gcc-12.3.0/openmpi-5.0.3-et6p/lib/libmpi.so.40(mca_pml_ob1_recv_request_progress_rndv+0x237)[0x7f0162ef2d77]
[bp1-compute189:2347111] [ 4] /software/spack/linux-rocky8-broadwell/gcc-12.3.0/openmpi-5.0.3-et6p/lib/libmpi.so.40(+0x20952b)[0x7f0162eec52b]
[bp1-compute189:2347111] [ 5] /software/spack/linux-rocky8-broadwell/gcc-12.3.0/openmpi-5.0.3-et6p/lib/libmpi.so.40(+0x209899)[0x7f0162eec899]
[bp1-compute189:2347111] [ 6] /software/spack/linux-rocky8-broadwell/gcc-12.3.0/openmpi-5.0.3-et6p/lib/libopen-pal.so.80(mca_btl_sm_poll_handle_frag+0x88)[0x7f01631b5eb8]
[bp1-compute189:2347111] [ 7] /software/spack/linux-rocky8-broadwell/gcc-12.3.0/openmpi-5.0.3-et6p/lib/libopen-pal.so.80(+0xec1fb)[0x7f01631b61fb]
[bp1-compute189:2347111] [ 8] /software/spack/linux-rocky8-broadwell/gcc-12.3.0/openmpi-5.0.3-et6p/lib/libopen-pal.so.80(opal_progress+0x2b)[0x7f01630ef22b]
[bp1-compute189:2347111] [ 9] /software/spack/linux-rocky8-broadwell/gcc-12.3.0/openmpi-5.0.3-et6p/lib/libmpi.so.40(mca_pml_ob1_recv+0x320)[0x7f0162ee43e0]
[bp1-compute189:2347111] [10] /software/spack/linux-rocky8-broadwell/gcc-12.3.0/openmpi-5.0.3-et6p/lib/libmpi.so.40(PMPI_Recv+0x18e)[0x7f0162da881e]
[bp1-compute189:2347111] [11] /user/home/vv23510/core-mini-project/Code/./test[0x404b1b]
[bp1-compute189:2347111] [12] /lib64/libc.so.6(__libc_start_main+0xe5)[0x7f016218dd85]
[bp1-compute189:2347111] [13] /user/home/vv23510/core-mini-project/Code/./test[0x40507e]
[bp1-compute189:2347111] *** End of error message ***
srun: error: bp1-compute189: task 1: Segmentation fault (core dumped)
slurmstepd: error:  mpi/pmix_v2: _errhandler: bp1-compute189 [0]: pmixp_client_v2.c:212: Error handler invoked: status = -25, source = [slurm.pmix.15586205.0:1]
srun: Job step aborted: Waiting up to 302 seconds for job step to finish.
slurmstepd: error: *** STEP 15586205.0 ON bp1-compute189 CANCELLED AT 2026-02-09T09:39:28 ***
srun: error: bp1-compute189: task 0: Killed
