cpu-bind=MASK - bp1-compute189, task  0  0 [1965082]: mask 0x100000001 set
cpu-bind=MASK - bp1-compute189, task  0  0 [1965108]: mask 0x100000001 set
. . . B B B . . B B 
T T T . T T T T T T 
T T . . T T T T . T 
. . . . . . . . . T 
. T . . . T T T T T 
T T . T . . . T T . 
T T T T T T T T T . 
T . T T . T T . . T 
T T T T T T T T T . 
T . T . T T T T . T 
After iteration 1:
. . . X X X . . X X 
T T T . B B T T B B 
T T . . T T T T . T 
. . . . . . . . . T 
. T . . . T T T T T 
T T . T . . . T T . 
T T T T T T T T T . 
T . T T . T T . . T 
T T T T T T T T T . 
T . T . T T T T . T 
After iteration 2:
. . . X X X . . X X 
T T T . X X B B X X 
T T . . B B T T . B 
. . . . . . . . . T 
. T . . . T T T T T 
T T . T . . . T T . 
T T T T T T T T T . 
T . T T . T T . . T 
T T T T T T T T T . 
T . T . T T T T . T 
After iteration 3:
. . . X X X . . X X 
T T T . X X X X X X 
T T . . X X B B . X 
. . . . . . . . . B 
. T . . . T T T T T 
T T . T . . . T T . 
T T T T T T T T T . 
T . T T . T T . . T 
T T T T T T T T T . 
T . T . T T T T . T 
After iteration 4:
. . . X X X . . X X 
T T T . X X X X X X 
T T . . X X X X . X 
. . . . . . . . . X 
. T . . . T T T T B 
T T . T . . . T T . 
T T T T T T T T T . 
T . T T . T T . . T 
T T T T T T T T T . 
T . T . T T T T . T 
After iteration 5:
. . . X X X . . X X 
T T T . X X X X X X 
T T . . X X X X . X 
. . . . . . . . . X 
. T . . . T T T B X 
T T . T . . . T T . 
T T T T T T T T T . 
T . T T . T T . . T 
T T T T T T T T T . 
T . T . T T T T . T 
After iteration 6:
. . . X X X . . X X 
T T T . X X X X X X 
T T . . X X X X . X 
. . . . . . . . . X 
. T . . . T T B X X 
T T . T . . . T B . 
T T T T T T T T T . 
T . T T . T T . . T 
T T T T T T T T T . 
T . T . T T T T . T 
After iteration 7:
. . . X X X . . X X 
T T T . X X X X X X 
T T . . X X X X . X 
. . . . . . . . . X 
. T . . . T B X X X 
T T . T . . . B X . 
T T T T T T T T B . 
T . T T . T T . . T 
T T T T T T T T T . 
T . T . T T T T . T 
After iteration 8:
. . . X X X . . X X 
T T T . X X X X X X 
T T . . X X X X . X 
. . . . . . . . . X 
. T . . . B X X X X 
T T . T . . . X X . 
T T T T T T T B X . 
T . T T . T T . . T 
T T T T T T T T T . 
T . T . T T T T . T 
After iteration 9:
. . . X X X . . X X 
T T T . X X X X X X 
T T . . X X X X . X 
. . . . . . . . . X 
. T . . . X X X X X 
T T . T . . . X X . 
T T T T T T B X X . 
T . T T . T T . . T 
T T T T T T T T T . 
T . T . T T T T . T 
After iteration 10:
. . . X X X . . X X 
T T T . X X X X X X 
T T . . X X X X . X 
. . . . . . . . . X 
. T . . . X X X X X 
T T . T . . . X X . 
T T T T T B X X X . 
T . T T . T B . . T 
T T T T T T T T T . 
T . T . T T T T . T 
After iteration 11:
. . . X X X . . X X 
T T T . X X X X X X 
T T . . X X X X . X 
. . . . . . . . . X 
. T . . . X X X X X 
T T . T . . . X X . 
T T T T B X X X X . 
T . T T . B X . . T 
T T T T T T B T T . 
T . T . T T T T . T 
After iteration 12:
. . . X X X . . X X 
T T T . X X X X X X 
T T . . X X X X . X 
. . . . . . . . . X 
. T . . . X X X X X 
T T . T . . . X X . 
T T T B X X X X X . 
T . T T . X X . . T 
T T T T T B X B T . 
T . T . T T B T . T 
After iteration 13:
. . . X X X . . X X 
T T T . X X X X X X 
T T . . X X X X . X 
. . . . . . . . . X 
. T . . . X X X X X 
T T . B . . . X X . 
T T B X X X X X X . 
T . T B . X X . . T 
T T T T B X X X B . 
T . T . T B X B . T 
After iteration 14:
. . . X X X . . X X 
T T T . X X X X X X 
T T . . X X X X . X 
. . . . . . . . . X 
. T . . . X X X X X 
T T . X . . . X X . 
T B X X X X X X X . 
T . B X . X X . . T 
T T T B X X X X X . 
T . T . B X X X . T 
After iteration 15:
. . . X X X . . X X 
T T T . X X X X X X 
T T . . X X X X . X 
. . . . . . . . . X 
. T . . . X X X X X 
T B . X . . . X X . 
B X X X X X X X X . 
T . X X . X X . . T 
T T B X X X X X X . 
T . T . X X X X . T 
After iteration 16:
. . . X X X . . X X 
T T T . X X X X X X 
T T . . X X X X . X 
. . . . . . . . . X 
. B . . . X X X X X 
B X . X . . . X X . 
X X X X X X X X X . 
B . X X . X X . . T 
T B X X X X X X X . 
T . B . X X X X . T 
After iteration 17:
. . . X X X . . X X 
T T T . X X X X X X 
T T . . X X X X . X 
. . . . . . . . . X 
. X . . . X X X X X 
X X . X . . . X X . 
X X X X X X X X X . 
X . X X . X X . . T 
B X X X X X X X X . 
T . X . X X X X . T 
After iteration 18:
. . . X X X . . X X 
T T T . X X X X X X 
T T . . X X X X . X 
. . . . . . . . . X 
. X . . . X X X X X 
X X . X . . . X X . 
X X X X X X X X X . 
X . X X . X X . . T 
X X X X X X X X X . 
B . X . X X X X . T 
After iteration 19:
. . . X X X . . X X 
T T T . X X X X X X 
T T . . X X X X . X 
. . . . . . . . . X 
. X . . . X X X X X 
X X . X . . . X X . 
X X X X X X X X X . 
X . X X . X X . . T 
X X X X X X X X X . 
X . X . X X X X . T 
After iteration 20:
. . . X X X . . X X 
T T T . X X X X X X 
T T . . X X X X . X 
. . . . . . . . . X 
. X . . . X X X X X 
X X . X . . . X X . 
X X X X X X X X X . 
X . X X . X X . . T 
X X X X X X X X X . 
X . X . X X X X . T 
No changes in the grid, stopping simulation.
