cpu-bind=MASK - bp1-compute189, task  0  0 [2066742]: mask 0x400000004 set
cpu-bind=MASK - bp1-compute189, task  0  0 [2066795]: mask 0x400000004 set
Running with 1 MPI processes
=========================================
Step 1:
=========================================
X . T . T T 
. T T . . . 
. . T T T . 
X B . . . T 
. . T T . T 
X B . T . T 
=========================================
Step 2:
=========================================
X . T . T T 
. T T . . . 
. . T T T . 
X X . . . T 
. . T T . T 
X X . T . T 
=========================================
Step 3:
=========================================
X . T . T T 
. T T . . . 
. . T T T . 
X X . . . T 
. . T T . T 
X X . T . T 
=========================================
Step 4:
=========================================
X . T . T T 
. T T . . . 
. . T T T . 
X X . . . T 
. . T T . T 
X X . T . T 
=========================================
Step 5:
=========================================
X . T . T T 
. T T . . . 
. . T T T . 
X X . . . T 
. . T T . T 
X X . T . T 
Burning steps: 6
Bottom reached: Yes
Execution time: 0.000950623 seconds
Setup time: 0.000889265 seconds
Broadcast time: 6.1e-08 seconds
Model time: 5.8081e-05 seconds
