cpu-bind=MASK - bp1-compute189, task  0  0 [2195631]: mask 0x100000001 set
cpu-bind=MASK - bp1-compute189, task  0  0 [2195657]: mask 0x100000001 set
Running with 1 MPI processes
=========================================
Step 1:
=========================================
X . X . X X 
. T B . . . 
. . T T T . 
T T . . . T 
. . T T . T 
T T . T . T 
=========================================
Step 2:
=========================================
X . X . X X 
. B X . . . 
. . B T T . 
T T . . . T 
. . T T . T 
T T . T . T 
=========================================
Step 3:
=========================================
X . X . X X 
. X X . . . 
. . X B T . 
T T . . . T 
. . T T . T 
T T . T . T 
=========================================
Step 4:
=========================================
X . X . X X 
. X X . . . 
. . X X B . 
T T . . . T 
. . T T . T 
T T . T . T 
=========================================
Step 5:
=========================================
X . X . X X 
. X X . . . 
. . X X X . 
T T . . . T 
. . T T . T 
T T . T . T 
=========================================
Step 6:
=========================================
X . X . X X 
. X X . . . 
. . X X X . 
T T . . . T 
. . T T . T 
T T . T . T 
Burning steps: 6
Bottom reached: Yes
Execution time: 0.00250425 seconds
Setup time: 0.00225049 seconds
Broadcast time: 1.44e-07 seconds
Model time: 0.000246622 seconds
