cpu-bind=MASK - bp1-compute189, task  0  0 [2195689]: mask 0x100000001 set
cpu-bind=MASK - bp1-compute189, task  0  0 [2195715]: mask 0x1 set
cpu-bind=MASK - bp1-compute189, task  1  1 [2195716]: mask 0x100000000 set
Running with 2 MPI processes
=========================================
Step 1:
=========================================
X . X . X X 
. T B . . . 
. . T T T . 
T T . . . T 
. . T T . T 
T T . T . T 
=========================================
Step 2:
=========================================
X . X . X X 
. B X . . . 
. . B T T . 
T T . . . T 
. . T T . T 
T T . T . T 
=========================================
Step 3:
=========================================
X . X . X X 
. X X . . . 
. . X B T . 
T T . . . T 
. . T T . T 
T T . T . T 
=========================================
Step 4:
=========================================
X . X . X X 
. X X . . . 
. . X X B . 
T T . . . T 
. . T T . T 
T T . T . T 
=========================================
Step 5:
=========================================
X . X . X X 
. X X . . . 
. . X X X . 
T T . . . T 
. . T T . T 
T T . T . T 
=========================================
Step 6:
=========================================
X . X . X X 
. X X . . . 
. . X X X . 
T T . . . T 
. . T T . T 
T T . T . T 
Burning steps: 6
Bottom reached: Yes
Execution time: 0.000458124 seconds
Setup time: 0.000141599 seconds
Broadcast time: 3.8535e-05 seconds
Model time: 0.000242345 seconds
