cpu-bind=MASK - bp1-compute189, task  0  0 [2066741]: mask 0x800000008 set
cpu-bind=MASK - bp1-compute189, task  0  0 [2066792]: mask 0x8 set
cpu-bind=MASK - bp1-compute189, task  1  1 [2066793]: mask 0x800000000 set
Running with 2 MPI processes
=========================================
Step 1:
=========================================
X . T . T T 
. T T . . . 
. . T T T . 
B T . . . T 
. . T T . T 
B T . T . T 
=========================================
Step 2:
=========================================
X . T . T T 
. T T . . . 
. . T T T . 
B T . . . T 
. . T T . T 
B T . T . T 
=========================================
Step 3:
=========================================
X . T . T T 
. T T . . . 
. . T T T . 
B T . . . T 
. . T T . T 
B T . T . T 
=========================================
Step 4:
=========================================
X . T . T T 
. T T . . . 
. . T T T . 
B T . . . T 
. . T T . T 
B T . T . T 
=========================================
Step 5:
=========================================
X . T . T T 
. T T . . . 
. . T T T . 
B T . . . T 
. . T T . T 
B T . T . T 
Burning steps: 6
Bottom reached: Yes
Execution time: 0.000298202 seconds
Setup time: 0.000157029 seconds
Broadcast time: 3.8627e-05 seconds
Model time: 6.6948e-05 seconds
