cpu-bind=MASK - bp1-compute189, task  0  0 [2013933]: mask 0x100000001 set
cpu-bind=MASK - bp1-compute189, task  0  0 [2013959]: mask 0x1 set
cpu-bind=MASK - bp1-compute189, task  1  1 [2013960]: mask 0x100000000 set
Running with 2 MPI processes
=========================================
Step 1:
=========================================
X . X . T B 
. . T T T . 
. . T T T . 
. X X . . . 
T T . . . T 
T . T T . T 
=========================================
Step 2:
=========================================
X . X . . T 
. . T . X X 
T T . T . T 
. B X T T . 
T T . . . . 
. . T T . T 
=========================================
Step 3:
=========================================
X . X . . T 
T B . . X X 
T B . . . T 
. . T . X X 
T . T T T . 
. . . T . T 
=========================================
Step 4:
=========================================
X . X B X . 
B X . . . T 
T . T . . . 
. . T . X X 
. . T . X X 
T T . T . T 
=========================================
Step 5:
=========================================
X . X X X . 
B . T . . T 
. . T T T . 
X X . . . T 
. . . . X X 
. X X T . T 
Burning steps: 6
Bottom reached: Yes
Execution time: 0.000325098 seconds
