cpu-bind=MASK - bp1-compute189, task  0  0 [2192715]: mask 0x100000001 set
cpu-bind=MASK - bp1-compute189, task  0  0 [2192741]: mask 0x100000001 set
Running with 1 MPI processes
=========================================
Step 1:
=========================================
X B T T T T 
. . . . . . 
. . T T T T 
X B T . . T 
. . T T . T 
X B . T . T 
=========================================
Step 2:
=========================================
X X B T T T 
. . . . . . 
. . T T T T 
X X B . . T 
. . T T . T 
X X . T . T 
=========================================
Step 3:
=========================================
X X X B T T 
. . . . . . 
. . B T T T 
X X X . . T 
. . B T . T 
X X . T . T 
=========================================
Step 4:
=========================================
X X X X B T 
. . . . . . 
. . X B T T 
X X X . . T 
. . X B . T 
X X . T . T 
=========================================
Step 5:
=========================================
X X X X X B 
. . . . . . 
. . X X B T 
X X X . . T 
. . X X . T 
X X . B . T 
=========================================
Step 6:
=========================================
X X X X X X 
. . . . . . 
. . X X X B 
X X X . . T 
. . X X . T 
X X . X . T 
=========================================
Step 7:
=========================================
X X X X X X 
. . . . . . 
. . X X X X 
X X X . . B 
. . X X . T 
X X . X . T 
=========================================
Step 8:
=========================================
X X X X X X 
. . . . . . 
. . X X X X 
X X X . . X 
. . X X . B 
X X . X . T 
=========================================
Step 9:
=========================================
X X X X X X 
. . . . . . 
. . X X X X 
X X X . . X 
. . X X . X 
X X . X . B 
=========================================
Step 10:
=========================================
X X X X X X 
. . . . . . 
. . X X X X 
X X X . . X 
. . X X . X 
X X . X . X 
=========================================
Step 11:
=========================================
X X X X X X 
. . . . . . 
. . X X X X 
X X X . . X 
. . X X . X 
X X . X . X 
Burning steps: 11
Bottom reached: Yes
Execution time: 0.000267788 seconds
Setup time: 0.000130045 seconds
Broadcast time: 4.3e-08 seconds
Model time: 0.000134895 seconds
