cpu-bind=MASK - bp1-compute189, task  0  0 [2349996]: mask 0xff000000ff0 set
cpu-bind=MASK - bp1-compute189, task  0  0 [2350022]: mask 0x10 set
cpu-bind=MASK - bp1-compute189, task  1  1 [2350023]: mask 0x1000000000 set
cpu-bind=MASK - bp1-compute189, task  2  2 [2350024]: mask 0x20 set
cpu-bind=MASK - bp1-compute189, task  3  3 [2350025]: mask 0x2000000000 set
cpu-bind=MASK - bp1-compute189, task  4  4 [2350026]: mask 0x40 set
cpu-bind=MASK - bp1-compute189, task  5  5 [2350027]: mask 0x4000000000 set
cpu-bind=MASK - bp1-compute189, task  6  6 [2350028]: mask 0x80 set
cpu-bind=MASK - bp1-compute189, task  7  7 [2350029]: mask 0x8000000000 set
cpu-bind=MASK - bp1-compute189, task  8  8 [2350030]: mask 0x100 set
cpu-bind=MASK - bp1-compute189, task  9  9 [2350031]: mask 0x10000000000 set
cpu-bind=MASK - bp1-compute189, task 10 10 [2350032]: mask 0x200 set
cpu-bind=MASK - bp1-compute189, task 11 11 [2350033]: mask 0x20000000000 set
cpu-bind=MASK - bp1-compute189, task 12 12 [2350034]: mask 0x400 set
cpu-bind=MASK - bp1-compute189, task 13 13 [2350035]: mask 0x40000000000 set
cpu-bind=MASK - bp1-compute189, task 14 14 [2350036]: mask 0x800 set
cpu-bind=MASK - bp1-compute189, task 15 15 [2350037]: mask 0x80000000000 set
Running with 16 MPI processes
slurmstepd: error: *** JOB 15586589 ON bp1-compute189 CANCELLED AT 2026-02-09T10:10:12 DUE TO TIME LIMIT ***
srun: Job step aborted: Waiting up to 302 seconds for job step to finish.
slurmstepd: error: *** STEP 15586589.0 ON bp1-compute189 CANCELLED AT 2026-02-09T10:10:12 DUE TO TIME LIMIT ***
