cpu-bind=MASK - bp1-compute189, task  0  0 [2203913]: mask 0x3fc000003fc set
cpu-bind=MASK - bp1-compute189, task  0  0 [2203939]: mask 0x4 set
cpu-bind=MASK - bp1-compute189, task  1  1 [2203940]: mask 0x400000000 set
cpu-bind=MASK - bp1-compute189, task  2  2 [2203941]: mask 0x8 set
cpu-bind=MASK - bp1-compute189, task  3  3 [2203942]: mask 0x800000000 set
cpu-bind=MASK - bp1-compute189, task  4  4 [2203943]: mask 0x10 set
cpu-bind=MASK - bp1-compute189, task  5  5 [2203944]: mask 0x1000000000 set
cpu-bind=MASK - bp1-compute189, task  6  6 [2203945]: mask 0x20 set
cpu-bind=MASK - bp1-compute189, task  7  7 [2203946]: mask 0x2000000000 set
cpu-bind=MASK - bp1-compute189, task  8  8 [2203947]: mask 0x40 set
cpu-bind=MASK - bp1-compute189, task  9  9 [2203948]: mask 0x4000000000 set
cpu-bind=MASK - bp1-compute189, task 10 10 [2203949]: mask 0x80 set
cpu-bind=MASK - bp1-compute189, task 11 11 [2203950]: mask 0x8000000000 set
cpu-bind=MASK - bp1-compute189, task 12 12 [2203951]: mask 0x100 set
cpu-bind=MASK - bp1-compute189, task 13 13 [2203952]: mask 0x10000000000 set
cpu-bind=MASK - bp1-compute189, task 14 14 [2203953]: mask 0x200 set
cpu-bind=MASK - bp1-compute189, task 15 15 [2203954]: mask 0x20000000000 set
Running with 16 MPI processes
[bp1-compute189:00000] *** An error occurred in MPI_Sendrecv
[bp1-compute189:00000] *** reported by process [4217700352,13]
[bp1-compute189:00000] *** on communicator MPI_COMM_WORLD
[bp1-compute189:00000] *** MPI_ERR_BUFFER: invalid buffer pointer
[bp1-compute189:00000] *** MPI_ERRORS_ARE_FATAL (processes in this communicator will now abort,
[bp1-compute189:00000] ***    and MPI will try to terminate your MPI job as well)
[bp1-compute189:00000] *** An error occurred in MPI_Sendrecv
[bp1-compute189:00000] *** reported by process [4217700352,5]
[bp1-compute189:00000] *** on communicator MPI_COMM_WORLD
[bp1-compute189:00000] *** MPI_ERR_BUFFER: invalid buffer pointer
[bp1-compute189:00000] *** MPI_ERRORS_ARE_FATAL (processes in this communicator will now abort,
[bp1-compute189:00000] ***    and MPI will try to terminate your MPI job as well)
[bp1-compute189:00000] *** An error occurred in MPI_Sendrecv
[bp1-compute189:00000] *** reported by process [4217700352,6]
[bp1-compute189:00000] *** on communicator MPI_COMM_WORLD
[bp1-compute189:00000] *** MPI_ERR_BUFFER: invalid buffer pointer
[bp1-compute189:00000] *** MPI_ERRORS_ARE_FATAL (processes in this communicator will now abort,
[bp1-compute189:00000] ***    and MPI will try to terminate your MPI job as well)
[bp1-compute189:00000] *** An error occurred in MPI_Sendrecv
[bp1-compute189:00000] *** reported by process [4217700352,2]
[bp1-compute189:00000] *** on communicator MPI_COMM_WORLD
[bp1-compute189:00000] *** MPI_ERR_BUFFER: invalid buffer pointer
[bp1-compute189:00000] *** MPI_ERRORS_ARE_FATAL (processes in this communicator will now abort,
[bp1-compute189:00000] ***    and MPI will try to terminate your MPI job as well)
[bp1-compute189:00000] *** An error occurred in MPI_Sendrecv
[bp1-compute189:00000] *** reported by process [4217700352,7]
[bp1-compute189:00000] *** on communicator MPI_COMM_WORLD
[bp1-compute189:00000] *** MPI_ERR_BUFFER: invalid buffer pointer
[bp1-compute189:00000] *** MPI_ERRORS_ARE_FATAL (processes in this communicator will now abort,
[bp1-compute189:00000] ***    and MPI will try to terminate your MPI job as well)
[bp1-compute189:00000] *** An error occurred in MPI_Sendrecv
[bp1-compute189:00000] *** reported by process [4217700352,12]
[bp1-compute189:00000] *** on communicator MPI_COMM_WORLD
[bp1-compute189:00000] *** MPI_ERR_BUFFER: invalid buffer pointer
[bp1-compute189:00000] *** MPI_ERRORS_ARE_FATAL (processes in this communicator will now abort,
[bp1-compute189:00000] ***    and MPI will try to terminate your MPI job as well)
[bp1-compute189:00000] *** An error occurred in MPI_Sendrecv
[bp1-compute189:00000] *** reported by process [4217700352,14]
[bp1-compute189:00000] *** on communicator MPI_COMM_WORLD
[bp1-compute189:00000] *** MPI_ERR_BUFFER: invalid buffer pointer
[bp1-compute189:00000] *** MPI_ERRORS_ARE_FATAL (processes in this communicator will now abort,
[bp1-compute189:00000] ***    and MPI will try to terminate your MPI job as well)
[bp1-compute189:00000] *** An error occurred in MPI_Sendrecv
[bp1-compute189:00000] *** reported by process [4217700352,15]
[bp1-compute189:00000] *** on communicator MPI_COMM_WORLD
[bp1-compute189:00000] *** MPI_ERR_BUFFER: invalid buffer pointer
[bp1-compute189:00000] *** MPI_ERRORS_ARE_FATAL (processes in this communicator will now abort,
[bp1-compute189:00000] ***    and MPI will try to terminate your MPI job as well)
[bp1-compute189:00000] *** An error occurred in MPI_Sendrecv
[bp1-compute189:00000] *** reported by process [4217700352,1]
[bp1-compute189:00000] *** on communicator MPI_COMM_WORLD
[bp1-compute189:00000] *** MPI_ERR_BUFFER: invalid buffer pointer
[bp1-compute189:00000] *** MPI_ERRORS_ARE_FATAL (processes in this communicator will now abort,
[bp1-compute189:00000] ***    and MPI will try to terminate your MPI job as well)
[bp1-compute189:00000] *** An error occurred in MPI_Sendrecv
[bp1-compute189:00000] *** reported by process [4217700352,3]
[bp1-compute189:00000] *** on communicator MPI_COMM_WORLD
[bp1-compute189:00000] *** MPI_ERR_BUFFER: invalid buffer pointer
[bp1-compute189:00000] *** MPI_ERRORS_ARE_FATAL (processes in this communicator will now abort,
[bp1-compute189:00000] ***    and MPI will try to terminate your MPI job as well)
[bp1-compute189:00000] *** An error occurred in MPI_Sendrecv
[bp1-compute189:00000] *** reported by process [4217700352,4]
[bp1-compute189:00000] *** on communicator MPI_COMM_WORLD
[bp1-compute189:00000] *** MPI_ERR_BUFFER: invalid buffer pointer
[bp1-compute189:00000] *** MPI_ERRORS_ARE_FATAL (processes in this communicator will now abort,
[bp1-compute189:00000] ***    and MPI will try to terminate your MPI job as well)
[bp1-compute189:00000] *** An error occurred in MPI_Sendrecv
[bp1-compute189:00000] *** reported by process [4217700352,8]
[bp1-compute189:00000] *** on communicator MPI_COMM_WORLD
[bp1-compute189:00000] *** MPI_ERR_BUFFER: invalid buffer pointer
[bp1-compute189:00000] *** MPI_ERRORS_ARE_FATAL (processes in this communicator will now abort,
[bp1-compute189:00000] ***    and MPI will try to terminate your MPI job as well)
[bp1-compute189:00000] *** An error occurred in MPI_Sendrecv
[bp1-compute189:00000] *** reported by process [4217700352,10]
[bp1-compute189:00000] *** on communicator MPI_COMM_WORLD
[bp1-compute189:00000] *** MPI_ERR_BUFFER: invalid buffer pointer
[bp1-compute189:00000] *** MPI_ERRORS_ARE_FATAL (processes in this communicator will now abort,
[bp1-compute189:00000] ***    and MPI will try to terminate your MPI job as well)
[bp1-compute189:00000] *** An error occurred in MPI_Sendrecv
[bp1-compute189:00000] *** reported by process [4217700352,11]
[bp1-compute189:00000] *** on communicator MPI_COMM_WORLD
[bp1-compute189:00000] *** MPI_ERR_BUFFER: invalid buffer pointer
[bp1-compute189:00000] *** MPI_ERRORS_ARE_FATAL (processes in this communicator will now abort,
[bp1-compute189:00000] ***    and MPI will try to terminate your MPI job as well)
[bp1-compute189:00000] *** An error occurred in MPI_Sendrecv
[bp1-compute189:00000] *** reported by process [4217700352,9]
[bp1-compute189:00000] *** on communicator MPI_COMM_WORLD
[bp1-compute189:00000] *** MPI_ERR_BUFFER: invalid buffer pointer
[bp1-compute189:00000] *** MPI_ERRORS_ARE_FATAL (processes in this communicator will now abort,
[bp1-compute189:00000] ***    and MPI will try to terminate your MPI job as well)
slurmstepd: error: *** STEP 15540551.0 ON bp1-compute189 CANCELLED AT 2026-02-06T17:04:09 ***
srun: Job step aborted: Waiting up to 302 seconds for job step to finish.
srun: error: bp1-compute189: tasks 0-12,14-15: Killed
srun: error: bp1-compute189: task 13: Exited with exit code 1
