cpu-bind=MASK - bp1-compute189, task  0  0 [2193866]: mask 0xff000000ff0 set
cpu-bind=MASK - bp1-compute189, task  0  0 [2193892]: mask 0x10 set
cpu-bind=MASK - bp1-compute189, task  1  1 [2193893]: mask 0x1000000000 set
cpu-bind=MASK - bp1-compute189, task  2  2 [2193894]: mask 0x20 set
cpu-bind=MASK - bp1-compute189, task  3  3 [2193895]: mask 0x2000000000 set
cpu-bind=MASK - bp1-compute189, task  4  4 [2193896]: mask 0x40 set
cpu-bind=MASK - bp1-compute189, task  5  5 [2193897]: mask 0x4000000000 set
cpu-bind=MASK - bp1-compute189, task  6  6 [2193898]: mask 0x80 set
cpu-bind=MASK - bp1-compute189, task  7  7 [2193899]: mask 0x8000000000 set
cpu-bind=MASK - bp1-compute189, task  8  8 [2193900]: mask 0x100 set
cpu-bind=MASK - bp1-compute189, task  9  9 [2193901]: mask 0x10000000000 set
cpu-bind=MASK - bp1-compute189, task 10 10 [2193902]: mask 0x200 set
cpu-bind=MASK - bp1-compute189, task 11 11 [2193903]: mask 0x20000000000 set
cpu-bind=MASK - bp1-compute189, task 12 12 [2193904]: mask 0x400 set
cpu-bind=MASK - bp1-compute189, task 13 13 [2193905]: mask 0x40000000000 set
cpu-bind=MASK - bp1-compute189, task 14 14 [2193906]: mask 0x800 set
cpu-bind=MASK - bp1-compute189, task 15 15 [2193907]: mask 0x80000000000 set
Running with 16 MPI processes
Burning steps: 2388
Bottom reached: Yes
Execution time: 5.59432 seconds
Setup time: 0.0284408 seconds
Broadcast time: 0.00604532 seconds
Model time: 5.54726 seconds
