cpu-bind=MASK - bp1-compute189, task  0  0 [2192460]: mask 0xff000000ff set
cpu-bind=MASK - bp1-compute189, task  0  0 [2192486]: mask 0x1 set
cpu-bind=MASK - bp1-compute189, task  1  1 [2192487]: mask 0x100000000 set
cpu-bind=MASK - bp1-compute189, task  2  2 [2192488]: mask 0x2 set
cpu-bind=MASK - bp1-compute189, task  3  3 [2192489]: mask 0x200000000 set
cpu-bind=MASK - bp1-compute189, task  4  4 [2192490]: mask 0x4 set
cpu-bind=MASK - bp1-compute189, task  5  5 [2192491]: mask 0x400000000 set
cpu-bind=MASK - bp1-compute189, task  6  6 [2192492]: mask 0x8 set
cpu-bind=MASK - bp1-compute189, task  7  7 [2192493]: mask 0x800000000 set
cpu-bind=MASK - bp1-compute189, task  8  8 [2192494]: mask 0x10 set
cpu-bind=MASK - bp1-compute189, task  9  9 [2192495]: mask 0x1000000000 set
cpu-bind=MASK - bp1-compute189, task 10 10 [2192496]: mask 0x20 set
cpu-bind=MASK - bp1-compute189, task 11 11 [2192497]: mask 0x2000000000 set
cpu-bind=MASK - bp1-compute189, task 12 12 [2192498]: mask 0x40 set
cpu-bind=MASK - bp1-compute189, task 13 13 [2192499]: mask 0x4000000000 set
cpu-bind=MASK - bp1-compute189, task 14 14 [2192500]: mask 0x80 set
cpu-bind=MASK - bp1-compute189, task 15 15 [2192501]: mask 0x8000000000 set
Running with 16 MPI processes
Burning steps: 2388
Bottom reached: No
Execution time: 5.65414 seconds
Setup time: 0.0271391 seconds
Broadcast time: 0.00611323 seconds
Model time: 5.62072 seconds
