cpu-bind=MASK - bp1-compute189, task  0  0 [2182349]: mask 0x200000002 set
cpu-bind=MASK - bp1-compute189, task  0  0 [2182375]: mask 0x200000002 set
Running with 1 MPI processes
=========================================
Step 1:
=========================================
X B T T T T 
. . . . . . 
. . T T T T 
X B T . . T 
. . T T . T 
X B . T . T 
=========================================
Step 2:
=========================================
X X B T T T 
. . . . . . 
. . T T T T 
X X B . . T 
. . T T . T 
X X . T . T 
=========================================
Step 3:
=========================================
X X X B T T 
. . . . . . 
. . B T T T 
X X X . . T 
. . B T . T 
X X . T . T 
=========================================
Step 4:
=========================================
X X X X B T 
. . . . . . 
. . X B T T 
X X X . . T 
. . X B . T 
X X . T . T 
=========================================
Step 5:
=========================================
X X X X X B 
. . . . . . 
. . X X B T 
X X X . . T 
. . X X . T 
X X . B . T 
Burning steps: 6
Bottom reached: Yes
Execution time: 0.000189877 seconds
Setup time: 0.000126439 seconds
Broadcast time: 5e-08 seconds
Model time: 6.0901e-05 seconds
