cpu-bind=MASK - bp1-compute189, task  0  0 [2347561]: mask 0xff000000ff0 set
cpu-bind=MASK - bp1-compute189, task  0  0 [2347587]: mask 0x10 set
cpu-bind=MASK - bp1-compute189, task  1  1 [2347588]: mask 0x1000000000 set
cpu-bind=MASK - bp1-compute189, task  2  2 [2347589]: mask 0x20 set
cpu-bind=MASK - bp1-compute189, task  3  3 [2347590]: mask 0x2000000000 set
cpu-bind=MASK - bp1-compute189, task  4  4 [2347591]: mask 0x40 set
cpu-bind=MASK - bp1-compute189, task  5  5 [2347592]: mask 0x4000000000 set
cpu-bind=MASK - bp1-compute189, task  6  6 [2347593]: mask 0x80 set
cpu-bind=MASK - bp1-compute189, task  7  7 [2347594]: mask 0x8000000000 set
cpu-bind=MASK - bp1-compute189, task  8  8 [2347595]: mask 0x100 set
cpu-bind=MASK - bp1-compute189, task  9  9 [2347596]: mask 0x10000000000 set
cpu-bind=MASK - bp1-compute189, task 10 10 [2347597]: mask 0x200 set
cpu-bind=MASK - bp1-compute189, task 11 11 [2347598]: mask 0x20000000000 set
cpu-bind=MASK - bp1-compute189, task 12 12 [2347599]: mask 0x400 set
cpu-bind=MASK - bp1-compute189, task 13 13 [2347600]: mask 0x40000000000 set
cpu-bind=MASK - bp1-compute189, task 14 14 [2347601]: mask 0x800 set
cpu-bind=MASK - bp1-compute189, task 15 15 [2347602]: mask 0x80000000000 set
Running with 16 MPI processes
[bp1-compute189:2347588] *** Process received signal ***
[bp1-compute189:2347588] Signal: Segmentation fault (11)
[bp1-compute189:2347588] Signal code: Address not mapped (1)
[bp1-compute189:2347588] Failing at address: 0x1147120
[bp1-compute189:2347588] [ 0] /lib64/libpthread.so.0(+0x12cf0)[0x7f54177a4cf0]
[bp1-compute189:2347588] [ 1] /lib64/libc.so.6(+0xceff6)[0x7f541749bff6]
[bp1-compute189:2347588] [ 2] /software/spack/linux-rocky8-broadwell/gcc-12.3.0/openmpi-5.0.3-et6p/lib/libopen-pal.so.80(opal_convertor_unpack+0x88)[0x7f541839eb18]
[bp1-compute189:2347588] [ 3] /software/spack/linux-rocky8-broadwell/gcc-12.3.0/openmpi-5.0.3-et6p/lib/libmpi.so.40(mca_pml_ob1_recv_request_progress_rndv+0x237)[0x7f541816cd77]
[bp1-compute189:2347588] [ 4] /software/spack/linux-rocky8-broadwell/gcc-12.3.0/openmpi-5.0.3-et6p/lib/libmpi.so.40(+0x20952b)[0x7f541816652b]
[bp1-compute189:2347588] [ 5] /software/spack/linux-rocky8-broadwell/gcc-12.3.0/openmpi-5.0.3-et6p/lib/libmpi.so.40(+0x209899)[0x7f5418166899]
[bp1-compute189:2347588] [ 6] /software/spack/linux-rocky8-broadwell/gcc-12.3.0/openmpi-5.0.3-et6p/lib/libopen-pal.so.80(mca_btl_sm_poll_handle_frag+0x88)[0x7f541842feb8]
[bp1-compute189:2347588] [ 7] /software/spack/linux-rocky8-broadwell/gcc-12.3.0/openmpi-5.0.3-et6p/lib/libopen-pal.so.80(+0xec1fb)[0x7f54184301fb]
[bp1-compute189:2347588] [ 8] /software/spack/linux-rocky8-broadwell/gcc-12.3.0/openmpi-5.0.3-et6p/lib/libopen-pal.so.80(opal_progress+0x2b)[0x7f541836922b]
[bp1-compute189:2347588] [ 9] /software/spack/linux-rocky8-broadwell/gcc-12.3.0/openmpi-5.0.3-et6p/lib/libmpi.so.40(mca_pml_ob1_recv+0x320)[0x7f541815e3e0]
[bp1-compute189:2347588] [10] /software/spack/linux-rocky8-broadwell/gcc-12.3.0/openmpi-5.0.3-et6p/lib/libmpi.so.40(PMPI_Recv+0x18e)[0x7f541802281e]
[bp1-compute189:2347588] [11] /user/home/vv23510/core-mini-project/Code/./test[0x403958]
[bp1-compute189:2347588] [12] /lib64/libc.so.6(__libc_start_main+0xe5)[0x7f5417407d85]
[bp1-compute189:2347588] [13] /user/home/vv23510/core-mini-project/Code/./test[0x40509e]
[bp1-compute189:2347588] *** End of error message ***
srun: error: bp1-compute189: task 1: Segmentation fault (core dumped)
slurmstepd: error:  mpi/pmix_v2: _errhandler: bp1-compute189 [0]: pmixp_client_v2.c:212: Error handler invoked: status = -25, source = [slurm.pmix.15586262.0:1]
srun: Job step aborted: Waiting up to 302 seconds for job step to finish.
slurmstepd: error: *** STEP 15586262.0 ON bp1-compute189 CANCELLED AT 2026-02-09T09:42:43 ***
srun: error: bp1-compute189: tasks 0,2-15: Killed
