cpu-bind=MASK - bp1-compute189, task  0  0 [2013633]: mask 0x1fe000001fe set
cpu-bind=MASK - bp1-compute189, task  0  0 [2013659]: mask 0x2 set
cpu-bind=MASK - bp1-compute189, task  1  1 [2013660]: mask 0x200000000 set
cpu-bind=MASK - bp1-compute189, task  2  2 [2013661]: mask 0x4 set
cpu-bind=MASK - bp1-compute189, task  3  3 [2013662]: mask 0x400000000 set
cpu-bind=MASK - bp1-compute189, task  4  4 [2013663]: mask 0x8 set
cpu-bind=MASK - bp1-compute189, task  5  5 [2013664]: mask 0x800000000 set
cpu-bind=MASK - bp1-compute189, task  6  6 [2013665]: mask 0x10 set
cpu-bind=MASK - bp1-compute189, task  7  7 [2013666]: mask 0x1000000000 set
cpu-bind=MASK - bp1-compute189, task  8  8 [2013667]: mask 0x20 set
cpu-bind=MASK - bp1-compute189, task  9  9 [2013668]: mask 0x2000000000 set
cpu-bind=MASK - bp1-compute189, task 10 10 [2013669]: mask 0x40 set
cpu-bind=MASK - bp1-compute189, task 11 11 [2013670]: mask 0x4000000000 set
cpu-bind=MASK - bp1-compute189, task 12 12 [2013671]: mask 0x80 set
cpu-bind=MASK - bp1-compute189, task 13 13 [2013672]: mask 0x8000000000 set
cpu-bind=MASK - bp1-compute189, task 14 14 [2013673]: mask 0x100 set
cpu-bind=MASK - bp1-compute189, task 15 15 [2013674]: mask 0x10000000000 set
Running with 16 MPI processes
Burning steps: 1000
Bottom reached: Yes
Execution time: 5.05044 seconds
